{
  "RSpec": {
    "coverage": {
      "/home/rsantini/Área de Trabalho/Renato Santini/Cursos/TreinaDev/Curso 1/Projeto/joinjobs/config/environment.rb": {
        "lines": [
          null,
          1,
          null,
          null,
          1
        ]
      },
      "/home/rsantini/Área de Trabalho/Renato Santini/Cursos/TreinaDev/Curso 1/Projeto/joinjobs/config/application.rb": {
        "lines": [
          1,
          null,
          1,
          null,
          1,
          1,
          1,
          1,
          1,
          1,
          1,
          1,
          1,
          1,
          1,
          null,
          null,
          null,
          null,
          1,
          null,
          1,
          1,
          null,
          1,
          null,
          null,
          null,
          null,
          null,
          null,
          null,
          1,
          null,
          null
        ]
      },
      "/home/rsantini/Área de Trabalho/Renato Santini/Cursos/TreinaDev/Curso 1/Projeto/joinjobs/config/boot.rb": {
        "lines": [
          1,
          null,
          1,
          1
        ]
      },
      "/home/rsantini/Área de Trabalho/Renato Santini/Cursos/TreinaDev/Curso 1/Projeto/joinjobs/config/environments/test.rb": {
        "lines": [
          null,
          null,
          null,
          null,
          null,
          1,
          null,
          null,
          1,
          null,
          null,
          null,
          null,
          1,
          null,
          null,
          1,
          1,
          null,
          null,
          null,
          null,
          1,
          1,
          1,
          null,
          null,
          1,
          null,
          null,
          1,
          null,
          null,
          1,
          null,
          1,
          null,
          null,
          null,
          null,
          1,
          null,
          null,
          1,
          null,
          null,
          null,
          null
        ]
      },
      "/home/rsantini/Área de Trabalho/Renato Santini/Cursos/TreinaDev/Curso 1/Projeto/joinjobs/config/initializers/application_controller_renderer.rb": {
        "lines": [
          null,
          null,
          null,
          null,
          null,
          null,
          null,
          null
        ]
      },
      "/home/rsantini/Área de Trabalho/Renato Santini/Cursos/TreinaDev/Curso 1/Projeto/joinjobs/config/initializers/assets.rb": {
        "lines": [
          null,
          null,
          null,
          1,
          null,
          null,
          null,
          null,
          1,
          null,
          null,
          null,
          null,
          null
        ]
      },
      "/home/rsantini/Área de Trabalho/Renato Santini/Cursos/TreinaDev/Curso 1/Projeto/joinjobs/config/initializers/backtrace_silencers.rb": {
        "lines": [
          null,
          null,
          null,
          null,
          null,
          null,
          null
        ]
      },
      "/home/rsantini/Área de Trabalho/Renato Santini/Cursos/TreinaDev/Curso 1/Projeto/joinjobs/config/initializers/content_security_policy.rb": {
        "lines": [
          null,
          null,
          null,
          null,
          null,
          null,
          null,
          null,
          null,
          null,
          null,
          null,
          null,
          null,
          null,
          null,
          null,
          null,
          null,
          null,
          null,
          null,
          null,
          null,
          null,
          null,
          null,
          null,
          null,
          null
        ]
      },
      "/home/rsantini/Área de Trabalho/Renato Santini/Cursos/TreinaDev/Curso 1/Projeto/joinjobs/config/initializers/cookies_serializer.rb": {
        "lines": [
          null,
          null,
          null,
          null,
          1
        ]
      },
      "/home/rsantini/Área de Trabalho/Renato Santini/Cursos/TreinaDev/Curso 1/Projeto/joinjobs/config/initializers/devise.rb": {
        "lines": [
          null,
          null,
          null,
          null,
          1,
          null,
          null,
          null,
          null,
          null,
          null,
          null,
          null,
          null,
          null,
          null,
          null,
          null,
          null,
          null,
          1,
          null,
          null,
          null,
          null,
          null,
          null,
          null,
          null,
          null,
          null,
          null,
          1,
          null,
          null,
          null,
          null,
          null,
          null,
          null,
          null,
          null,
          null,
          null,
          null,
          null,
          null,
          null,
          null,
          null,
          null,
          null,
          null,
          null,
          1,
          null,
          null,
          null,
          null,
          1,
          null,
          null,
          null,
          null,
          null,
          null,
          null,
          null,
          null,
          null,
          null,
          null,
          null,
          null,
          null,
          null,
          null,
          null,
          null,
          null,
          null,
          null,
          null,
          null,
          null,
          null,
          null,
          null,
          null,
          null,
          1,
          null,
          null,
          null,
          null,
          null,
          null,
          null,
          null,
          null,
          null,
          null,
          null,
          null,
          null,
          null,
          null,
          null,
          null,
          null,
          null,
          null,
          null,
          1,
          null,
          null,
          null,
          null,
          null,
          null,
          null,
          null,
          null,
          null,
          null,
          null,
          null,
          null,
          null,
          null,
          null,
          null,
          null,
          null,
          null,
          null,
          null,
          null,
          null,
          null,
          null,
          null,
          null,
          null,
          null,
          null,
          null,
          1,
          null,
          null,
          null,
          null,
          null,
          null,
          null,
          null,
          null,
          1,
          null,
          null,
          null,
          null,
          null,
          null,
          null,
          null,
          null,
          null,
          1,
          null,
          null,
          null,
          null,
          1,
          null,
          null,
          null,
          null,
          null,
          null,
          null,
          null,
          null,
          null,
          null,
          null,
          null,
          null,
          null,
          null,
          null,
          null,
          null,
          null,
          null,
          null,
          null,
          null,
          null,
          null,
          null,
          null,
          null,
          null,
          null,
          null,
          null,
          null,
          null,
          null,
          null,
          null,
          null,
          null,
          1,
          null,
          null,
          null,
          null,
          null,
          null,
          null,
          null,
          null,
          null,
          null,
          null,
          null,
          null,
          null,
          null,
          null,
          null,
          null,
          null,
          null,
          null,
          null,
          null,
          null,
          null,
          null,
          null,
          null,
          null,
          null,
          null,
          null,
          null,
          null,
          null,
          null,
          null,
          null,
          null,
          null,
          1,
          null,
          null,
          null,
          null,
          null,
          null,
          null,
          null,
          null,
          null,
          null,
          null,
          null,
          null,
          null,
          null,
          null,
          null,
          null,
          null,
          null,
          null,
          null,
          null,
          null,
          null,
          null,
          null,
          null,
          null,
          null,
          null,
          null,
          null,
          null,
          null,
          null,
          null,
          null,
          null,
          null,
          null
        ]
      },
      "/home/rsantini/Área de Trabalho/Renato Santini/Cursos/TreinaDev/Curso 1/Projeto/joinjobs/config/initializers/filter_parameter_logging.rb": {
        "lines": [
          null,
          null,
          null,
          1
        ]
      },
      "/home/rsantini/Área de Trabalho/Renato Santini/Cursos/TreinaDev/Curso 1/Projeto/joinjobs/config/initializers/inflections.rb": {
        "lines": [
          null,
          null,
          null,
          null,
          null,
          null,
          null,
          null,
          null,
          null,
          null,
          null,
          null,
          null,
          null,
          null
        ]
      },
      "/home/rsantini/Área de Trabalho/Renato Santini/Cursos/TreinaDev/Curso 1/Projeto/joinjobs/config/initializers/locale.rb": {
        "lines": [
          null,
          1,
          null,
          null,
          1
        ]
      },
      "/home/rsantini/Área de Trabalho/Renato Santini/Cursos/TreinaDev/Curso 1/Projeto/joinjobs/config/initializers/mime_types.rb": {
        "lines": [
          null,
          null,
          null,
          null
        ]
      },
      "/home/rsantini/Área de Trabalho/Renato Santini/Cursos/TreinaDev/Curso 1/Projeto/joinjobs/config/initializers/wrap_parameters.rb": {
        "lines": [
          null,
          null,
          null,
          null,
          null,
          null,
          1,
          2,
          null,
          null,
          null,
          null,
          null,
          null
        ]
      },
      "/home/rsantini/Área de Trabalho/Renato Santini/Cursos/TreinaDev/Curso 1/Projeto/joinjobs/spec/factories/headhunters.rb": {
        "lines": [
          1,
          1,
          2,
          2,
          null,
          null
        ]
      },
      "/home/rsantini/Área de Trabalho/Renato Santini/Cursos/TreinaDev/Curso 1/Projeto/joinjobs/spec/factories/jobs.rb": {
        "lines": [
          1,
          1,
          1,
          1,
          1,
          1,
          1,
          1,
          1,
          1,
          null,
          null
        ]
      },
      "/home/rsantini/Área de Trabalho/Renato Santini/Cursos/TreinaDev/Curso 1/Projeto/joinjobs/spec/factories/users.rb": {
        "lines": [
          1,
          1,
          1,
          1,
          null,
          null
        ]
      },
      "/home/rsantini/Área de Trabalho/Renato Santini/Cursos/TreinaDev/Curso 1/Projeto/joinjobs/config/routes.rb": {
        "lines": [
          1,
          1,
          1,
          1,
          1,
          null,
          null
        ]
      },
      "/home/rsantini/Área de Trabalho/Renato Santini/Cursos/TreinaDev/Curso 1/Projeto/joinjobs/app/models/user.rb": {
        "lines": [
          1,
          null,
          null,
          1,
          null,
          null
        ]
      },
      "/home/rsantini/Área de Trabalho/Renato Santini/Cursos/TreinaDev/Curso 1/Projeto/joinjobs/app/models/application_record.rb": {
        "lines": [
          1,
          1,
          null
        ]
      },
      "/home/rsantini/Área de Trabalho/Renato Santini/Cursos/TreinaDev/Curso 1/Projeto/joinjobs/app/models/headhunter.rb": {
        "lines": [
          1,
          null,
          null,
          1,
          null,
          null
        ]
      },
      "/home/rsantini/Área de Trabalho/Renato Santini/Cursos/TreinaDev/Curso 1/Projeto/joinjobs/app/helpers/application_helper.rb": {
        "lines": [
          1,
          null
        ]
      },
      "/home/rsantini/Área de Trabalho/Renato Santini/Cursos/TreinaDev/Curso 1/Projeto/joinjobs/spec/support/login_helper.rb": {
        "lines": [
          1,
          1,
          0,
          0,
          null,
          null,
          1,
          1,
          1,
          null,
          null
        ]
      },
      "/home/rsantini/Área de Trabalho/Renato Santini/Cursos/TreinaDev/Curso 1/Projeto/joinjobs/app/controllers/application_controller.rb": {
        "lines": [
          1,
          null
        ]
      },
      "/home/rsantini/Área de Trabalho/Renato Santini/Cursos/TreinaDev/Curso 1/Projeto/joinjobs/app/controllers/home_controller.rb": {
        "lines": [
          1,
          1,
          null,
          null
        ]
      },
      "/home/rsantini/Área de Trabalho/Renato Santini/Cursos/TreinaDev/Curso 1/Projeto/joinjobs/app/controllers/jobs_controller.rb": {
        "lines": [
          1,
          1,
          1,
          null,
          null,
          1,
          1,
          null,
          null,
          1,
          1,
          1,
          1,
          1,
          null,
          0,
          null,
          null,
          null,
          1,
          null,
          1,
          1,
          null,
          null,
          null
        ]
      },
      "/home/rsantini/Área de Trabalho/Renato Santini/Cursos/TreinaDev/Curso 1/Projeto/joinjobs/app/models/job.rb": {
        "lines": [
          1,
          null
        ]
      }
    },
    "timestamp": 1589919412
  }
}
