{
  "RSpec": {
    "coverage": {
      "/home/rsantini/Área de Trabalho/Renato Santini/Cursos/TreinaDev/Curso 1/Projeto/joinjobs/config/environment.rb": {
        "lines": [
          null,
          1,
          null,
          null,
          1
        ]
      },
      "/home/rsantini/Área de Trabalho/Renato Santini/Cursos/TreinaDev/Curso 1/Projeto/joinjobs/config/application.rb": {
        "lines": [
          1,
          null,
          1,
          null,
          1,
          1,
          1,
          1,
          1,
          1,
          1,
          1,
          1,
          1,
          1,
          null,
          null,
          null,
          null,
          1,
          null,
          1,
          1,
          null,
          1,
          null,
          null,
          null,
          null,
          null,
          null,
          null,
          1,
          null,
          null
        ]
      },
      "/home/rsantini/Área de Trabalho/Renato Santini/Cursos/TreinaDev/Curso 1/Projeto/joinjobs/config/boot.rb": {
        "lines": [
          1,
          null,
          1,
          1
        ]
      },
      "/home/rsantini/Área de Trabalho/Renato Santini/Cursos/TreinaDev/Curso 1/Projeto/joinjobs/config/environments/test.rb": {
        "lines": [
          null,
          null,
          null,
          null,
          null,
          1,
          null,
          null,
          1,
          null,
          null,
          null,
          null,
          1,
          null,
          null,
          1,
          1,
          null,
          null,
          null,
          null,
          1,
          1,
          1,
          null,
          null,
          1,
          null,
          null,
          1,
          null,
          null,
          1,
          null,
          1,
          null,
          null,
          null,
          null,
          1,
          null,
          null,
          1,
          null,
          null,
          null,
          null
        ]
      },
      "/home/rsantini/Área de Trabalho/Renato Santini/Cursos/TreinaDev/Curso 1/Projeto/joinjobs/config/initializers/application_controller_renderer.rb": {
        "lines": [
          null,
          null,
          null,
          null,
          null,
          null,
          null,
          null
        ]
      },
      "/home/rsantini/Área de Trabalho/Renato Santini/Cursos/TreinaDev/Curso 1/Projeto/joinjobs/config/initializers/assets.rb": {
        "lines": [
          null,
          null,
          null,
          1,
          null,
          null,
          null,
          null,
          1,
          null,
          null,
          null,
          null,
          null
        ]
      },
      "/home/rsantini/Área de Trabalho/Renato Santini/Cursos/TreinaDev/Curso 1/Projeto/joinjobs/config/initializers/backtrace_silencers.rb": {
        "lines": [
          null,
          null,
          null,
          null,
          null,
          null,
          null
        ]
      },
      "/home/rsantini/Área de Trabalho/Renato Santini/Cursos/TreinaDev/Curso 1/Projeto/joinjobs/config/initializers/content_security_policy.rb": {
        "lines": [
          null,
          null,
          null,
          null,
          null,
          null,
          null,
          null,
          null,
          null,
          null,
          null,
          null,
          null,
          null,
          null,
          null,
          null,
          null,
          null,
          null,
          null,
          null,
          null,
          null,
          null,
          null,
          null,
          null,
          null
        ]
      },
      "/home/rsantini/Área de Trabalho/Renato Santini/Cursos/TreinaDev/Curso 1/Projeto/joinjobs/config/initializers/cookies_serializer.rb": {
        "lines": [
          null,
          null,
          null,
          null,
          1
        ]
      },
      "/home/rsantini/Área de Trabalho/Renato Santini/Cursos/TreinaDev/Curso 1/Projeto/joinjobs/config/initializers/devise.rb": {
        "lines": [
          null,
          null,
          null,
          null,
          1,
          null,
          null,
          null,
          null,
          null,
          null,
          null,
          null,
          null,
          null,
          null,
          null,
          null,
          null,
          null,
          1,
          null,
          null,
          null,
          null,
          null,
          null,
          null,
          null,
          null,
          null,
          null,
          1,
          null,
          null,
          null,
          null,
          null,
          null,
          null,
          null,
          null,
          null,
          null,
          null,
          null,
          null,
          null,
          null,
          null,
          null,
          null,
          null,
          null,
          1,
          null,
          null,
          null,
          null,
          1,
          null,
          null,
          null,
          null,
          null,
          null,
          null,
          null,
          null,
          null,
          null,
          null,
          null,
          null,
          null,
          null,
          null,
          null,
          null,
          null,
          null,
          null,
          null,
          null,
          null,
          null,
          null,
          null,
          null,
          null,
          1,
          null,
          null,
          null,
          null,
          null,
          null,
          null,
          null,
          null,
          null,
          null,
          null,
          null,
          null,
          null,
          null,
          null,
          null,
          null,
          null,
          null,
          null,
          1,
          null,
          null,
          null,
          null,
          null,
          null,
          null,
          null,
          null,
          null,
          null,
          null,
          null,
          null,
          null,
          null,
          null,
          null,
          null,
          null,
          null,
          null,
          null,
          null,
          null,
          null,
          null,
          null,
          null,
          null,
          null,
          null,
          null,
          1,
          null,
          null,
          null,
          null,
          null,
          null,
          null,
          null,
          null,
          1,
          null,
          null,
          null,
          null,
          null,
          null,
          null,
          null,
          null,
          null,
          1,
          null,
          null,
          null,
          null,
          1,
          null,
          null,
          null,
          null,
          null,
          null,
          null,
          null,
          null,
          null,
          null,
          null,
          null,
          null,
          null,
          null,
          null,
          null,
          null,
          null,
          null,
          null,
          null,
          null,
          null,
          null,
          null,
          null,
          null,
          null,
          null,
          null,
          null,
          null,
          null,
          null,
          null,
          null,
          null,
          null,
          1,
          null,
          null,
          null,
          null,
          null,
          null,
          null,
          null,
          null,
          null,
          null,
          null,
          null,
          null,
          null,
          null,
          null,
          null,
          null,
          1,
          null,
          null,
          null,
          null,
          null,
          null,
          null,
          null,
          null,
          null,
          null,
          null,
          null,
          null,
          null,
          null,
          null,
          null,
          null,
          null,
          null,
          1,
          null,
          null,
          null,
          null,
          null,
          null,
          null,
          null,
          null,
          null,
          null,
          null,
          null,
          null,
          null,
          null,
          null,
          null,
          null,
          null,
          null,
          null,
          null,
          null,
          null,
          null,
          null,
          null,
          null,
          null,
          null,
          null,
          null,
          null,
          null,
          null,
          null,
          null,
          null,
          null,
          null,
          null
        ]
      },
      "/home/rsantini/Área de Trabalho/Renato Santini/Cursos/TreinaDev/Curso 1/Projeto/joinjobs/config/initializers/filter_parameter_logging.rb": {
        "lines": [
          null,
          null,
          null,
          1
        ]
      },
      "/home/rsantini/Área de Trabalho/Renato Santini/Cursos/TreinaDev/Curso 1/Projeto/joinjobs/config/initializers/inflections.rb": {
        "lines": [
          null,
          null,
          null,
          null,
          null,
          null,
          null,
          null,
          null,
          null,
          null,
          null,
          null,
          null,
          null,
          null
        ]
      },
      "/home/rsantini/Área de Trabalho/Renato Santini/Cursos/TreinaDev/Curso 1/Projeto/joinjobs/config/initializers/locale.rb": {
        "lines": [
          null,
          1,
          null,
          null,
          1
        ]
      },
      "/home/rsantini/Área de Trabalho/Renato Santini/Cursos/TreinaDev/Curso 1/Projeto/joinjobs/config/initializers/mime_types.rb": {
        "lines": [
          null,
          null,
          null,
          null
        ]
      },
      "/home/rsantini/Área de Trabalho/Renato Santini/Cursos/TreinaDev/Curso 1/Projeto/joinjobs/config/initializers/wrap_parameters.rb": {
        "lines": [
          null,
          null,
          null,
          null,
          null,
          null,
          1,
          2,
          null,
          null,
          null,
          null,
          null,
          null
        ]
      },
      "/home/rsantini/Área de Trabalho/Renato Santini/Cursos/TreinaDev/Curso 1/Projeto/joinjobs/spec/factories/answers.rb": {
        "lines": [
          1,
          1,
          1,
          1,
          2,
          null,
          null
        ]
      },
      "/home/rsantini/Área de Trabalho/Renato Santini/Cursos/TreinaDev/Curso 1/Projeto/joinjobs/spec/factories/applications.rb": {
        "lines": [
          1,
          1,
          1,
          1,
          null,
          null
        ]
      },
      "/home/rsantini/Área de Trabalho/Renato Santini/Cursos/TreinaDev/Curso 1/Projeto/joinjobs/spec/factories/comments.rb": {
        "lines": [
          1,
          1,
          1,
          1,
          4,
          null,
          null
        ]
      },
      "/home/rsantini/Área de Trabalho/Renato Santini/Cursos/TreinaDev/Curso 1/Projeto/joinjobs/spec/factories/favorites.rb": {
        "lines": [
          1,
          1,
          1,
          1,
          1,
          null,
          null
        ]
      },
      "/home/rsantini/Área de Trabalho/Renato Santini/Cursos/TreinaDev/Curso 1/Projeto/joinjobs/spec/factories/feedbacks.rb": {
        "lines": [
          1,
          1,
          1,
          1,
          1,
          1,
          null,
          null
        ]
      },
      "/home/rsantini/Área de Trabalho/Renato Santini/Cursos/TreinaDev/Curso 1/Projeto/joinjobs/spec/factories/headhunters.rb": {
        "lines": [
          1,
          1,
          14,
          14,
          null,
          null
        ]
      },
      "/home/rsantini/Área de Trabalho/Renato Santini/Cursos/TreinaDev/Curso 1/Projeto/joinjobs/spec/factories/jobs.rb": {
        "lines": [
          1,
          1,
          12,
          13,
          13,
          13,
          13,
          13,
          13,
          13,
          1,
          null,
          null
        ]
      },
      "/home/rsantini/Área de Trabalho/Renato Santini/Cursos/TreinaDev/Curso 1/Projeto/joinjobs/spec/factories/profiles.rb": {
        "lines": [
          1,
          1,
          13,
          4,
          12,
          13,
          12,
          12,
          13,
          13,
          13,
          13,
          1,
          null,
          null
        ]
      },
      "/home/rsantini/Área de Trabalho/Renato Santini/Cursos/TreinaDev/Curso 1/Projeto/joinjobs/spec/factories/users.rb": {
        "lines": [
          1,
          1,
          26,
          26,
          null,
          null
        ]
      },
      "/home/rsantini/Área de Trabalho/Renato Santini/Cursos/TreinaDev/Curso 1/Projeto/joinjobs/config/routes.rb": {
        "lines": [
          1,
          1,
          null,
          1,
          null,
          null,
          null,
          null,
          1,
          null,
          null,
          null,
          null,
          null,
          1,
          1,
          1,
          1,
          1,
          1,
          null,
          null,
          null,
          1,
          1,
          1,
          null,
          1,
          1,
          null,
          null,
          1,
          1,
          1,
          null,
          1,
          1,
          1,
          null,
          null
        ]
      },
      "/home/rsantini/Área de Trabalho/Renato Santini/Cursos/TreinaDev/Curso 1/Projeto/joinjobs/app/models/user.rb": {
        "lines": [
          1,
          null,
          null,
          1,
          null,
          null,
          1,
          1,
          1,
          1,
          null
        ]
      },
      "/home/rsantini/Área de Trabalho/Renato Santini/Cursos/TreinaDev/Curso 1/Projeto/joinjobs/app/models/application_record.rb": {
        "lines": [
          1,
          1,
          null
        ]
      },
      "/home/rsantini/Área de Trabalho/Renato Santini/Cursos/TreinaDev/Curso 1/Projeto/joinjobs/app/models/headhunter.rb": {
        "lines": [
          1,
          null,
          null,
          1,
          null,
          1,
          1,
          1,
          1,
          null
        ]
      },
      "/home/rsantini/Área de Trabalho/Renato Santini/Cursos/TreinaDev/Curso 1/Projeto/joinjobs/app/helpers/application_helper.rb": {
        "lines": [
          1,
          null
        ]
      },
      "/home/rsantini/Área de Trabalho/Renato Santini/Cursos/TreinaDev/Curso 1/Projeto/joinjobs/spec/support/files_test_helper.rb": {
        "lines": [
          1,
          1,
          1,
          null,
          1,
          12,
          null,
          null,
          1,
          12,
          null,
          null,
          1,
          12,
          null,
          null,
          1,
          12,
          null,
          null,
          1,
          null,
          1,
          24,
          24,
          null,
          null
        ]
      },
      "/home/rsantini/Área de Trabalho/Renato Santini/Cursos/TreinaDev/Curso 1/Projeto/joinjobs/spec/support/login_helper.rb": {
        "lines": [
          1,
          1,
          4,
          4,
          null,
          null,
          1,
          7,
          7,
          null,
          null
        ]
      },
      "/home/rsantini/Área de Trabalho/Renato Santini/Cursos/TreinaDev/Curso 1/Projeto/joinjobs/spec/features/headhunter/headhunter_mark_profile_favorite_spec.rb": {
        "lines": [
          1,
          null,
          1,
          1,
          1,
          1,
          1,
          1,
          1,
          1,
          1,
          1,
          null,
          null,
          1,
          1,
          1,
          1,
          1,
          1,
          1,
          1,
          null,
          1,
          1,
          1,
          1,
          1,
          null,
          null,
          1,
          null,
          null,
          null,
          1,
          null,
          null,
          null
        ]
      },
      "/home/rsantini/Área de Trabalho/Renato Santini/Cursos/TreinaDev/Curso 1/Projeto/joinjobs/spec/features/headhunter/headhunter_register_job_spec.rb": {
        "lines": [
          1,
          null,
          1,
          1,
          null,
          1,
          1,
          1,
          1,
          1,
          1,
          1,
          1,
          1,
          1,
          1,
          1,
          null,
          1,
          1,
          1,
          1,
          1,
          1,
          1,
          1,
          1,
          null,
          null
        ]
      },
      "/home/rsantini/Área de Trabalho/Renato Santini/Cursos/TreinaDev/Curso 1/Projeto/joinjobs/spec/features/headhunter/headhunter_reject_user_spec.rb": {
        "lines": [
          1,
          null,
          1,
          1,
          1,
          1,
          1,
          1,
          1,
          null,
          1,
          1,
          1,
          1,
          1,
          1,
          1,
          1,
          null,
          1,
          1,
          1,
          1,
          null,
          null
        ]
      },
      "/home/rsantini/Área de Trabalho/Renato Santini/Cursos/TreinaDev/Curso 1/Projeto/joinjobs/spec/features/headhunter/headhunter_view_users_spec.rb": {
        "lines": [
          1,
          null,
          1,
          1,
          1,
          1,
          1,
          1,
          1,
          1,
          1,
          1,
          1,
          1,
          null,
          null,
          1,
          1,
          1,
          1,
          null,
          1,
          1,
          1,
          1,
          1,
          null,
          null,
          1,
          1,
          1,
          1,
          1,
          null,
          1,
          null,
          1,
          1,
          1,
          1,
          1,
          null,
          1,
          1,
          1,
          1,
          null,
          null,
          1,
          1,
          1,
          1,
          1,
          1,
          null,
          1,
          1,
          1,
          1,
          1,
          1,
          1,
          null,
          1,
          1,
          null,
          null,
          1,
          1,
          1,
          1,
          1,
          1,
          1,
          1,
          null,
          1,
          1,
          1,
          1,
          1,
          null,
          1,
          1,
          1,
          null,
          null
        ]
      },
      "/home/rsantini/Área de Trabalho/Renato Santini/Cursos/TreinaDev/Curso 1/Projeto/joinjobs/spec/features/user/user_apply_to_job_spec.rb": {
        "lines": [
          1,
          null,
          1,
          1,
          1,
          1,
          1,
          1,
          1,
          1,
          1,
          1,
          null,
          1,
          1,
          1,
          null,
          null,
          null,
          1,
          null,
          null,
          null
        ]
      },
      "/home/rsantini/Área de Trabalho/Renato Santini/Cursos/TreinaDev/Curso 1/Projeto/joinjobs/spec/features/user/user_authentication_spec.rb": {
        "lines": [
          1,
          null,
          1,
          1,
          1,
          null,
          1,
          1,
          1,
          1,
          1,
          1,
          1,
          null,
          null,
          1,
          1,
          1,
          1,
          null,
          null,
          1,
          null,
          1,
          1,
          1,
          1,
          1,
          1,
          1,
          null,
          null,
          1,
          1,
          1,
          1,
          null,
          null,
          null,
          null,
          1,
          1,
          1,
          null,
          1,
          1,
          1,
          1,
          1,
          null,
          null,
          null,
          1,
          1,
          1,
          null,
          1,
          1,
          1,
          1,
          1,
          1,
          null,
          1,
          1,
          1,
          1,
          null,
          null,
          null
        ]
      },
      "/home/rsantini/Área de Trabalho/Renato Santini/Cursos/TreinaDev/Curso 1/Projeto/joinjobs/spec/features/user/user_create_profile_spec.rb": {
        "lines": [
          1,
          null,
          1,
          1,
          null,
          1,
          1,
          1,
          1,
          1,
          1,
          1,
          1,
          1,
          1,
          1,
          1,
          1,
          1,
          null,
          1,
          1,
          1,
          1,
          1,
          1,
          1,
          1,
          1,
          null,
          null
        ]
      },
      "/home/rsantini/Área de Trabalho/Renato Santini/Cursos/TreinaDev/Curso 1/Projeto/joinjobs/spec/features/user/user_view_profile_comments_spec.rb": {
        "lines": [
          1,
          null,
          1,
          1,
          1,
          1,
          1,
          1,
          1,
          1,
          null,
          null,
          1,
          1,
          null,
          1,
          1,
          null,
          null,
          1,
          1,
          1,
          1,
          1,
          1,
          1,
          null,
          null,
          1,
          1,
          1,
          1,
          null,
          1,
          1,
          null,
          null,
          null
        ]
      },
      "/home/rsantini/Área de Trabalho/Renato Santini/Cursos/TreinaDev/Curso 1/Projeto/joinjobs/spec/features/visitor_open_home_page_spec.rb": {
        "lines": [
          1,
          null,
          1,
          1,
          1,
          null,
          1,
          1,
          null,
          null
        ]
      },
      "/home/rsantini/Área de Trabalho/Renato Santini/Cursos/TreinaDev/Curso 1/Projeto/joinjobs/spec/models/answer_spec.rb": {
        "lines": [
          1,
          null,
          1,
          1,
          null
        ]
      },
      "/home/rsantini/Área de Trabalho/Renato Santini/Cursos/TreinaDev/Curso 1/Projeto/joinjobs/app/models/answer.rb": {
        "lines": [
          1,
          1,
          1,
          null
        ]
      },
      "/home/rsantini/Área de Trabalho/Renato Santini/Cursos/TreinaDev/Curso 1/Projeto/joinjobs/spec/models/application_spec.rb": {
        "lines": [
          1,
          null,
          1,
          1,
          null
        ]
      },
      "/home/rsantini/Área de Trabalho/Renato Santini/Cursos/TreinaDev/Curso 1/Projeto/joinjobs/app/models/application.rb": {
        "lines": [
          1,
          1,
          1,
          null
        ]
      },
      "/home/rsantini/Área de Trabalho/Renato Santini/Cursos/TreinaDev/Curso 1/Projeto/joinjobs/spec/models/comment_spec.rb": {
        "lines": [
          1,
          null,
          1,
          1,
          null
        ]
      },
      "/home/rsantini/Área de Trabalho/Renato Santini/Cursos/TreinaDev/Curso 1/Projeto/joinjobs/app/models/comment.rb": {
        "lines": [
          1,
          1,
          1,
          1,
          null
        ]
      },
      "/home/rsantini/Área de Trabalho/Renato Santini/Cursos/TreinaDev/Curso 1/Projeto/joinjobs/spec/models/favorite_spec.rb": {
        "lines": [
          1,
          null,
          1,
          1,
          null
        ]
      },
      "/home/rsantini/Área de Trabalho/Renato Santini/Cursos/TreinaDev/Curso 1/Projeto/joinjobs/app/models/favorite.rb": {
        "lines": [
          1,
          1,
          1,
          null
        ]
      },
      "/home/rsantini/Área de Trabalho/Renato Santini/Cursos/TreinaDev/Curso 1/Projeto/joinjobs/spec/models/feedback_spec.rb": {
        "lines": [
          1,
          null,
          1,
          1,
          null
        ]
      },
      "/home/rsantini/Área de Trabalho/Renato Santini/Cursos/TreinaDev/Curso 1/Projeto/joinjobs/app/models/feedback.rb": {
        "lines": [
          1,
          1,
          1,
          1,
          null
        ]
      },
      "/home/rsantini/Área de Trabalho/Renato Santini/Cursos/TreinaDev/Curso 1/Projeto/joinjobs/spec/models/headhunter_spec.rb": {
        "lines": [
          1,
          null,
          1,
          1,
          null
        ]
      },
      "/home/rsantini/Área de Trabalho/Renato Santini/Cursos/TreinaDev/Curso 1/Projeto/joinjobs/spec/models/job_spec.rb": {
        "lines": [
          1,
          null,
          1,
          1,
          3,
          null,
          1,
          1,
          1,
          null,
          null,
          1,
          1,
          1,
          null,
          1,
          1,
          null,
          null,
          null
        ]
      },
      "/home/rsantini/Área de Trabalho/Renato Santini/Cursos/TreinaDev/Curso 1/Projeto/joinjobs/app/models/job.rb": {
        "lines": [
          1,
          1,
          1,
          1,
          1,
          1,
          null,
          1,
          null,
          1,
          13,
          14,
          14,
          null,
          null,
          null
        ]
      },
      "/home/rsantini/Área de Trabalho/Renato Santini/Cursos/TreinaDev/Curso 1/Projeto/joinjobs/spec/models/profile_spec.rb": {
        "lines": [
          1,
          null,
          1,
          1,
          null
        ]
      },
      "/home/rsantini/Área de Trabalho/Renato Santini/Cursos/TreinaDev/Curso 1/Projeto/joinjobs/app/models/profile.rb": {
        "lines": [
          1,
          1,
          1,
          1,
          1,
          1,
          null
        ]
      },
      "/home/rsantini/Área de Trabalho/Renato Santini/Cursos/TreinaDev/Curso 1/Projeto/joinjobs/spec/models/user_spec.rb": {
        "lines": [
          1,
          null,
          1,
          1,
          null
        ]
      },
      "/home/rsantini/Área de Trabalho/Renato Santini/Cursos/TreinaDev/Curso 1/Projeto/joinjobs/app/controllers/application_controller.rb": {
        "lines": [
          1,
          null
        ]
      },
      "/home/rsantini/Área de Trabalho/Renato Santini/Cursos/TreinaDev/Curso 1/Projeto/joinjobs/app/controllers/home_controller.rb": {
        "lines": [
          1,
          1,
          null,
          null
        ]
      },
      "/home/rsantini/Área de Trabalho/Renato Santini/Cursos/TreinaDev/Curso 1/Projeto/joinjobs/app/controllers/headhunter/registrations_controller.rb": {
        "lines": [
          null,
          null,
          1,
          1,
          1,
          null,
          null,
          null,
          null,
          null,
          null,
          null,
          null,
          null,
          null,
          null,
          null,
          null,
          null,
          null,
          null,
          null,
          null,
          null,
          null,
          null,
          null,
          null,
          null,
          null,
          null,
          null,
          null,
          null,
          null,
          null,
          null,
          null,
          null,
          null,
          null,
          null,
          null,
          null,
          null,
          null,
          null,
          null,
          null,
          null,
          null,
          null,
          null,
          null,
          null,
          null,
          null,
          null,
          null,
          null,
          null,
          null,
          null,
          null
        ]
      },
      "/home/rsantini/Área de Trabalho/Renato Santini/Cursos/TreinaDev/Curso 1/Projeto/joinjobs/app/controllers/concerns/accessible.rb": {
        "lines": [
          1,
          1,
          1,
          4,
          null,
          null,
          1,
          null,
          1,
          16,
          2,
          2,
          14,
          2,
          2,
          null,
          null,
          null
        ]
      },
      "/home/rsantini/Área de Trabalho/Renato Santini/Cursos/TreinaDev/Curso 1/Projeto/joinjobs/app/controllers/headhunter/sessions_controller.rb": {
        "lines": [
          null,
          null,
          1,
          1,
          1,
          null,
          null,
          null,
          null,
          null,
          null,
          null,
          null,
          null,
          null,
          null,
          null,
          null,
          null,
          null,
          null,
          null,
          null,
          null,
          null,
          null,
          null,
          null,
          null
        ]
      },
      "/home/rsantini/Área de Trabalho/Renato Santini/Cursos/TreinaDev/Curso 1/Projeto/joinjobs/app/controllers/headhunter/jobs_controller.rb": {
        "lines": [
          1,
          null,
          1,
          6,
          null,
          null,
          1,
          7,
          null,
          null,
          1,
          1,
          1,
          null,
          null,
          1,
          1,
          1,
          1,
          1,
          1,
          null,
          0,
          null,
          null,
          null,
          null,
          null,
          1,
          null,
          1,
          1,
          null,
          null,
          null,
          null
        ]
      },
      "/home/rsantini/Área de Trabalho/Renato Santini/Cursos/TreinaDev/Curso 1/Projeto/joinjobs/app/controllers/headhunter/applications_controller.rb": {
        "lines": [
          1,
          null,
          1,
          6,
          6,
          null,
          null,
          null,
          null
        ]
      },
      "/home/rsantini/Área de Trabalho/Renato Santini/Cursos/TreinaDev/Curso 1/Projeto/joinjobs/app/controllers/headhunter/profiles_controller.rb": {
        "lines": [
          1,
          null,
          1,
          6,
          6,
          6,
          6,
          6,
          null,
          null,
          null
        ]
      },
      "/home/rsantini/Área de Trabalho/Renato Santini/Cursos/TreinaDev/Curso 1/Projeto/joinjobs/app/controllers/headhunter/favorites_controller.rb": {
        "lines": [
          1,
          null,
          null,
          1,
          1,
          null,
          null,
          1,
          1,
          1,
          1,
          null,
          null,
          1,
          1,
          1,
          1,
          1,
          1,
          1,
          null,
          0,
          null,
          null,
          null,
          1,
          null,
          1,
          1,
          null,
          null
        ]
      },
      "/home/rsantini/Área de Trabalho/Renato Santini/Cursos/TreinaDev/Curso 1/Projeto/joinjobs/app/controllers/headhunter/feedbacks_controller.rb": {
        "lines": [
          1,
          null,
          null,
          1,
          1,
          null,
          null,
          1,
          1,
          1,
          1,
          1,
          null,
          null,
          1,
          1,
          1,
          1,
          1,
          1,
          1,
          1,
          null,
          0,
          null,
          null,
          null,
          1,
          null,
          1,
          1,
          null,
          null
        ]
      },
      "/home/rsantini/Área de Trabalho/Renato Santini/Cursos/TreinaDev/Curso 1/Projeto/joinjobs/app/controllers/headhunter/comments_controller.rb": {
        "lines": [
          1,
          null,
          1,
          0,
          0,
          null,
          null,
          null,
          1,
          1,
          1,
          1,
          1,
          1,
          null,
          null,
          null
        ]
      },
      "/home/rsantini/Área de Trabalho/Renato Santini/Cursos/TreinaDev/Curso 1/Projeto/joinjobs/app/controllers/user/jobs_controller.rb": {
        "lines": [
          1,
          null,
          1,
          1,
          null,
          null,
          1,
          1,
          null,
          null,
          null,
          1,
          null,
          1,
          0,
          null,
          null,
          null
        ]
      },
      "/home/rsantini/Área de Trabalho/Renato Santini/Cursos/TreinaDev/Curso 1/Projeto/joinjobs/app/controllers/user/applications_controller.rb": {
        "lines": [
          1,
          null,
          1,
          1,
          1,
          null,
          null,
          1,
          1,
          null,
          null,
          1,
          1,
          1,
          1,
          1,
          1,
          1,
          1,
          1,
          null,
          0,
          null,
          null,
          null,
          1,
          null,
          1,
          1,
          null,
          null,
          null
        ]
      },
      "/home/rsantini/Área de Trabalho/Renato Santini/Cursos/TreinaDev/Curso 1/Projeto/joinjobs/app/controllers/user/registrations_controller.rb": {
        "lines": [
          null,
          null,
          1,
          1,
          1,
          null
        ]
      },
      "/home/rsantini/Área de Trabalho/Renato Santini/Cursos/TreinaDev/Curso 1/Projeto/joinjobs/app/controllers/user/sessions_controller.rb": {
        "lines": [
          null,
          null,
          1,
          1,
          1,
          null
        ]
      },
      "/home/rsantini/Área de Trabalho/Renato Santini/Cursos/TreinaDev/Curso 1/Projeto/joinjobs/app/controllers/user/profiles_controller.rb": {
        "lines": [
          1,
          1,
          null,
          null,
          1,
          4,
          4,
          4,
          null,
          null,
          1,
          1,
          1,
          null,
          null,
          1,
          1,
          1,
          1,
          1,
          1,
          null,
          0,
          null,
          null,
          null,
          1,
          null,
          1,
          1,
          null,
          null,
          null,
          null
        ]
      },
      "/home/rsantini/Área de Trabalho/Renato Santini/Cursos/TreinaDev/Curso 1/Projeto/joinjobs/app/controllers/user/answers_controller.rb": {
        "lines": [
          1,
          null,
          1,
          0,
          null,
          null,
          1,
          1,
          1,
          1,
          1,
          1,
          null,
          null,
          null
        ]
      }
    },
    "timestamp": 1590321730
  }
}
